<?xml version="1.0" encoding="UTF-8"?>
<!-- Generated by org.testng.reporters.JUnitReportReporter -->
<testsuite hostname="Bentebbaas-MBP.cable.rcn.com" failures="0" tests="1" name="testCases.TC_001_AccountRegistrationTest" time="2.871" errors="0" timestamp="2024-09-18T12:59:41 EDT" skipped="0">
  <testcase classname="testCases.TC_001_AccountRegistrationTest" name="verify_account_registration" time="2.871"/>
  <system-out/>
</testsuite> <!-- testCases.TC_001_AccountRegistrationTest -->
