<?xml version="1.0" encoding="UTF-8"?>
<!-- Generated by org.testng.reporters.JUnitReportReporter -->
<testsuite hostname="Bentebbaas-MBP.cable.rcn.com" failures="0" tests="1" name="testCases.TC_003_LoginDDT" time="0.000" errors="0" timestamp="2024-09-18T12:59:41 EDT" skipped="1">
  <testcase classname="testCases.TC_003_LoginDDT" name="verify_loginDDT" time="0.000">
    <skipped/>
  </testcase> <!-- verify_loginDDT -->
  <system-out/>
</testsuite> <!-- testCases.TC_003_LoginDDT -->
